<?xml version="1.0" encoding="UTF-8"?>
<!-- Generated by org.testng.reporters.JUnitReportReporter -->
<testsuite skipped="0" hostname="WKWIN1814323" name="lowes.Calculator" tests="1" failures="0" timestamp="07 Jul 2019 22:08:50 GMT" time="217.131" errors="0">
  <testcase name="calculator" time="217.131" classname="lowes.Calculator"/>
</testsuite> <!-- lowes.Calculator -->
