<?xml version="1.0" encoding="UTF-8"?>
<!-- Generated by org.testng.reporters.JUnitReportReporter -->
<testsuite skipped="0" hostname="WKWIN1814323" name="lowes.NewTest" tests="1" failures="0" timestamp="06 Jul 2019 21:44:06 GMT" time="21.459" errors="0">
  <testcase name="testweb" time="21.459" classname="lowes.NewTest"/>
</testsuite> <!-- lowes.NewTest -->
